<?xml version="1.0" encoding="UTF-8" ?>
<testsuite tests="1" failures="0" name="TestSuite" time="15.325" errors="0" skipped="0">
  <properties>
    <property name="java.runtime.name" value="Java(TM) SE Runtime Environment"/>
    <property name="java.vm.version" value="15.0.2+7-27"/>
    <property name="sun.boot.library.path" value="/Library/Java/JavaVirtualMachines/jdk-15.0.2.jdk/Contents/Home/lib"/>
    <property name="java.vm.vendor" value="Oracle Corporation"/>
    <property name="java.vendor.url" value="https://java.oracle.com/"/>
    <property name="path.separator" value=":"/>
    <property name="java.vm.name" value="Java HotSpot(TM) 64-Bit Server VM"/>
    <property name="user.country" value="GB"/>
    <property name="sun.java.launcher" value="SUN_STANDARD"/>
    <property name="java.vm.specification.name" value="Java Virtual Machine Specification"/>
    <property name="user.dir" value="/Users/purushi1.macbook/eclipse-api/DataStructureProblem/website.com"/>
    <property name="java.vm.compressedOopsMode" value="Zero based"/>
    <property name="java.runtime.version" value="15.0.2+7-27"/>
    <property name="basedir" value="/Users/purushi1.macbook/eclipse-api/DataStructureProblem/website.com"/>
    <property name="os.arch" value="x86_64"/>
    <property name="surefire.real.class.path" value="/var/folders/8b/mq4085qx24l3ctjz8kw1g_rr0000gn/T/surefirebooter4193426512046002833.jar"/>
    <property name="java.io.tmpdir" value="/var/folders/8b/mq4085qx24l3ctjz8kw1g_rr0000gn/T/"/>
    <property name="line.separator" value="
"/>
    <property name="java.vm.specification.vendor" value="Oracle Corporation"/>
    <property name="os.name" value="Mac OS X"/>
    <property name="sun.jnu.encoding" value="UTF-8"/>
    <property name="java.library.path" value="/Users/purushi1.macbook/Library/Java/Extensions:/Library/Java/Extensions:/Network/Library/Java/Extensions:/System/Library/Java/Extensions:/usr/lib/java:."/>
    <property name="surefire.test.class.path" value="/Users/purushi1.macbook/eclipse-api/DataStructureProblem/website.com/target/test-classes:/Users/purushi1.macbook/eclipse-api/DataStructureProblem/website.com/target/classes:/Users/purushi1.macbook/.m2/repository/org/testng/testng/6.14.3/testng-6.14.3.jar:/Users/purushi1.macbook/.m2/repository/com/beust/jcommander/1.72/jcommander-1.72.jar:/Users/purushi1.macbook/.m2/repository/org/apache-extras/beanshell/bsh/2.0b6/bsh-2.0b6.jar:/Users/purushi1.macbook/.m2/repository/org/json/json/20180813/json-20180813.jar:/Users/purushi1.macbook/.m2/repository/com/googlecode/json-simple/json-simple/1.1.1/json-simple-1.1.1.jar:/Users/purushi1.macbook/.m2/repository/junit/junit/4.10/junit-4.10.jar:/Users/purushi1.macbook/.m2/repository/org/hamcrest/hamcrest-core/1.1/hamcrest-core-1.1.jar:/Users/purushi1.macbook/.m2/repository/org/seleniumhq/selenium/selenium-java/3.141.59/selenium-java-3.141.59.jar:/Users/purushi1.macbook/.m2/repository/org/seleniumhq/selenium/selenium-api/3.141.59/selenium-api-3.141.59.jar:/Users/purushi1.macbook/.m2/repository/org/seleniumhq/selenium/selenium-edge-driver/3.141.59/selenium-edge-driver-3.141.59.jar:/Users/purushi1.macbook/.m2/repository/org/seleniumhq/selenium/selenium-firefox-driver/3.141.59/selenium-firefox-driver-3.141.59.jar:/Users/purushi1.macbook/.m2/repository/org/seleniumhq/selenium/selenium-ie-driver/3.141.59/selenium-ie-driver-3.141.59.jar:/Users/purushi1.macbook/.m2/repository/org/seleniumhq/selenium/selenium-opera-driver/3.141.59/selenium-opera-driver-3.141.59.jar:/Users/purushi1.macbook/.m2/repository/org/seleniumhq/selenium/selenium-remote-driver/3.141.59/selenium-remote-driver-3.141.59.jar:/Users/purushi1.macbook/.m2/repository/org/seleniumhq/selenium/selenium-safari-driver/3.141.59/selenium-safari-driver-3.141.59.jar:/Users/purushi1.macbook/.m2/repository/org/seleniumhq/selenium/selenium-support/3.141.59/selenium-support-3.141.59.jar:/Users/purushi1.macbook/.m2/repository/net/bytebuddy/byte-buddy/1.8.15/byte-buddy-1.8.15.jar:/Users/purushi1.macbook/.m2/repository/org/apache/commons/commons-exec/1.3/commons-exec-1.3.jar:/Users/purushi1.macbook/.m2/repository/com/google/guava/guava/25.0-jre/guava-25.0-jre.jar:/Users/purushi1.macbook/.m2/repository/com/google/code/findbugs/jsr305/1.3.9/jsr305-1.3.9.jar:/Users/purushi1.macbook/.m2/repository/org/checkerframework/checker-compat-qual/2.0.0/checker-compat-qual-2.0.0.jar:/Users/purushi1.macbook/.m2/repository/com/google/errorprone/error_prone_annotations/2.1.3/error_prone_annotations-2.1.3.jar:/Users/purushi1.macbook/.m2/repository/com/google/j2objc/j2objc-annotations/1.1/j2objc-annotations-1.1.jar:/Users/purushi1.macbook/.m2/repository/org/codehaus/mojo/animal-sniffer-annotations/1.14/animal-sniffer-annotations-1.14.jar:/Users/purushi1.macbook/.m2/repository/com/squareup/okhttp3/okhttp/3.11.0/okhttp-3.11.0.jar:/Users/purushi1.macbook/.m2/repository/com/squareup/okio/okio/1.14.0/okio-1.14.0.jar:/Users/purushi1.macbook/.m2/repository/org/seleniumhq/selenium/selenium-chrome-driver/3.141.59/selenium-chrome-driver-3.141.59.jar:/Users/purushi1.macbook/.m2/repository/io/github/bonigarcia/webdrivermanager/4.2.0/webdrivermanager-4.2.0.jar:/Users/purushi1.macbook/.m2/repository/commons-io/commons-io/2.7/commons-io-2.7.jar:/Users/purushi1.macbook/.m2/repository/com/google/code/gson/gson/2.8.6/gson-2.8.6.jar:/Users/purushi1.macbook/.m2/repository/org/apache/commons/commons-lang3/3.11/commons-lang3-3.11.jar:/Users/purushi1.macbook/.m2/repository/org/apache/httpcomponents/client5/httpclient5/5.0.1/httpclient5-5.0.1.jar:/Users/purushi1.macbook/.m2/repository/org/apache/httpcomponents/core5/httpcore5/5.0.1/httpcore5-5.0.1.jar:/Users/purushi1.macbook/.m2/repository/org/apache/httpcomponents/core5/httpcore5-h2/5.0.1/httpcore5-h2-5.0.1.jar:/Users/purushi1.macbook/.m2/repository/commons-codec/commons-codec/1.13/commons-codec-1.13.jar:/Users/purushi1.macbook/.m2/repository/org/rauschig/jarchivelib/1.0.0/jarchivelib-1.0.0.jar:/Users/purushi1.macbook/.m2/repository/org/apache/commons/commons-compress/1.18/commons-compress-1.18.jar:/Users/purushi1.macbook/.m2/repository/org/jsoup/jsoup/1.13.1/jsoup-1.13.1.jar:/Users/purushi1.macbook/.m2/repository/io/cucumber/cucumber-java/4.8.1/cucumber-java-4.8.1.jar:/Users/purushi1.macbook/.m2/repository/org/apiguardian/apiguardian-api/1.1.0/apiguardian-api-1.1.0.jar:/Users/purushi1.macbook/.m2/repository/io/cucumber/cucumber-core/4.8.1/cucumber-core-4.8.1.jar:/Users/purushi1.macbook/.m2/repository/io/cucumber/gherkin/5.1.0/gherkin-5.1.0.jar:/Users/purushi1.macbook/.m2/repository/io/cucumber/tag-expressions/1.1.1/tag-expressions-1.1.1.jar:/Users/purushi1.macbook/.m2/repository/io/cucumber/cucumber-expressions/7.0.2/cucumber-expressions-7.0.2.jar:/Users/purushi1.macbook/.m2/repository/io/cucumber/datatable/1.1.14/datatable-1.1.14.jar:/Users/purushi1.macbook/.m2/repository/io/cucumber/datatable-dependencies/1.1.14/datatable-dependencies-1.1.14.jar:/Users/purushi1.macbook/.m2/repository/io/cucumber/cucumber-testng/4.8.1/cucumber-testng-4.8.1.jar:/Users/purushi1.macbook/.m2/repository/net/masterthought/cucumber-reporting/4.11.2/cucumber-reporting-4.11.2.jar:/Users/purushi1.macbook/.m2/repository/com/fasterxml/jackson/core/jackson-databind/2.9.9.3/jackson-databind-2.9.9.3.jar:/Users/purushi1.macbook/.m2/repository/com/fasterxml/jackson/core/jackson-annotations/2.9.0/jackson-annotations-2.9.0.jar:/Users/purushi1.macbook/.m2/repository/com/fasterxml/jackson/core/jackson-core/2.9.9/jackson-core-2.9.9.jar:/Users/purushi1.macbook/.m2/repository/org/apache/velocity/velocity/1.7/velocity-1.7.jar:/Users/purushi1.macbook/.m2/repository/commons-lang/commons-lang/2.4/commons-lang-2.4.jar:/Users/purushi1.macbook/.m2/repository/commons-collections/commons-collections/3.2.2/commons-collections-3.2.2.jar:/Users/purushi1.macbook/.m2/repository/velocity-tools/velocity-tools/1.4/velocity-tools-1.4.jar:/Users/purushi1.macbook/.m2/repository/joda-time/joda-time/2.10.2/joda-time-2.10.2.jar:/Users/purushi1.macbook/.m2/repository/org/codehaus/plexus/plexus-utils/3.2.0/plexus-utils-3.2.0.jar:/Users/purushi1.macbook/.m2/repository/com/googlecode/owasp-java-html-sanitizer/owasp-java-html-sanitizer/20190610.1/owasp-java-html-sanitizer-20190610.1.jar:/Users/purushi1.macbook/.m2/repository/commons-configuration/commons-configuration/1.10/commons-configuration-1.10.jar:/Users/purushi1.macbook/.m2/repository/commons-logging/commons-logging/1.1.1/commons-logging-1.1.1.jar:/Users/purushi1.macbook/.m2/repository/org/slf4j/slf4j-api/2.0.0-alpha1/slf4j-api-2.0.0-alpha1.jar:/Users/purushi1.macbook/.m2/repository/org/assertj/assertj-core/3.9.1/assertj-core-3.9.1.jar:"/>
    <property name="jdk.debug" value="release"/>
    <property name="java.class.version" value="59.0"/>
    <property name="java.specification.name" value="Java Platform API Specification"/>
    <property name="sun.management.compiler" value="HotSpot 64-Bit Tiered Compilers"/>
    <property name="os.version" value="10.14.6"/>
    <property name="http.nonProxyHosts" value="local|*.local|169.254/16|*.169.254/16"/>
    <property name="user.home" value="/Users/purushi1.macbook"/>
    <property name="user.timezone" value="Europe/London"/>
    <property name="file.encoding" value="UTF-8"/>
    <property name="java.specification.version" value="15"/>
    <property name="user.name" value="purushi1.macbook"/>
    <property name="java.class.path" value="/Users/purushi1.macbook/eclipse-api/DataStructureProblem/website.com/target/test-classes:/Users/purushi1.macbook/eclipse-api/DataStructureProblem/website.com/target/classes:/Users/purushi1.macbook/.m2/repository/org/testng/testng/6.14.3/testng-6.14.3.jar:/Users/purushi1.macbook/.m2/repository/com/beust/jcommander/1.72/jcommander-1.72.jar:/Users/purushi1.macbook/.m2/repository/org/apache-extras/beanshell/bsh/2.0b6/bsh-2.0b6.jar:/Users/purushi1.macbook/.m2/repository/org/json/json/20180813/json-20180813.jar:/Users/purushi1.macbook/.m2/repository/com/googlecode/json-simple/json-simple/1.1.1/json-simple-1.1.1.jar:/Users/purushi1.macbook/.m2/repository/junit/junit/4.10/junit-4.10.jar:/Users/purushi1.macbook/.m2/repository/org/hamcrest/hamcrest-core/1.1/hamcrest-core-1.1.jar:/Users/purushi1.macbook/.m2/repository/org/seleniumhq/selenium/selenium-java/3.141.59/selenium-java-3.141.59.jar:/Users/purushi1.macbook/.m2/repository/org/seleniumhq/selenium/selenium-api/3.141.59/selenium-api-3.141.59.jar:/Users/purushi1.macbook/.m2/repository/org/seleniumhq/selenium/selenium-edge-driver/3.141.59/selenium-edge-driver-3.141.59.jar:/Users/purushi1.macbook/.m2/repository/org/seleniumhq/selenium/selenium-firefox-driver/3.141.59/selenium-firefox-driver-3.141.59.jar:/Users/purushi1.macbook/.m2/repository/org/seleniumhq/selenium/selenium-ie-driver/3.141.59/selenium-ie-driver-3.141.59.jar:/Users/purushi1.macbook/.m2/repository/org/seleniumhq/selenium/selenium-opera-driver/3.141.59/selenium-opera-driver-3.141.59.jar:/Users/purushi1.macbook/.m2/repository/org/seleniumhq/selenium/selenium-remote-driver/3.141.59/selenium-remote-driver-3.141.59.jar:/Users/purushi1.macbook/.m2/repository/org/seleniumhq/selenium/selenium-safari-driver/3.141.59/selenium-safari-driver-3.141.59.jar:/Users/purushi1.macbook/.m2/repository/org/seleniumhq/selenium/selenium-support/3.141.59/selenium-support-3.141.59.jar:/Users/purushi1.macbook/.m2/repository/net/bytebuddy/byte-buddy/1.8.15/byte-buddy-1.8.15.jar:/Users/purushi1.macbook/.m2/repository/org/apache/commons/commons-exec/1.3/commons-exec-1.3.jar:/Users/purushi1.macbook/.m2/repository/com/google/guava/guava/25.0-jre/guava-25.0-jre.jar:/Users/purushi1.macbook/.m2/repository/com/google/code/findbugs/jsr305/1.3.9/jsr305-1.3.9.jar:/Users/purushi1.macbook/.m2/repository/org/checkerframework/checker-compat-qual/2.0.0/checker-compat-qual-2.0.0.jar:/Users/purushi1.macbook/.m2/repository/com/google/errorprone/error_prone_annotations/2.1.3/error_prone_annotations-2.1.3.jar:/Users/purushi1.macbook/.m2/repository/com/google/j2objc/j2objc-annotations/1.1/j2objc-annotations-1.1.jar:/Users/purushi1.macbook/.m2/repository/org/codehaus/mojo/animal-sniffer-annotations/1.14/animal-sniffer-annotations-1.14.jar:/Users/purushi1.macbook/.m2/repository/com/squareup/okhttp3/okhttp/3.11.0/okhttp-3.11.0.jar:/Users/purushi1.macbook/.m2/repository/com/squareup/okio/okio/1.14.0/okio-1.14.0.jar:/Users/purushi1.macbook/.m2/repository/org/seleniumhq/selenium/selenium-chrome-driver/3.141.59/selenium-chrome-driver-3.141.59.jar:/Users/purushi1.macbook/.m2/repository/io/github/bonigarcia/webdrivermanager/4.2.0/webdrivermanager-4.2.0.jar:/Users/purushi1.macbook/.m2/repository/commons-io/commons-io/2.7/commons-io-2.7.jar:/Users/purushi1.macbook/.m2/repository/com/google/code/gson/gson/2.8.6/gson-2.8.6.jar:/Users/purushi1.macbook/.m2/repository/org/apache/commons/commons-lang3/3.11/commons-lang3-3.11.jar:/Users/purushi1.macbook/.m2/repository/org/apache/httpcomponents/client5/httpclient5/5.0.1/httpclient5-5.0.1.jar:/Users/purushi1.macbook/.m2/repository/org/apache/httpcomponents/core5/httpcore5/5.0.1/httpcore5-5.0.1.jar:/Users/purushi1.macbook/.m2/repository/org/apache/httpcomponents/core5/httpcore5-h2/5.0.1/httpcore5-h2-5.0.1.jar:/Users/purushi1.macbook/.m2/repository/commons-codec/commons-codec/1.13/commons-codec-1.13.jar:/Users/purushi1.macbook/.m2/repository/org/rauschig/jarchivelib/1.0.0/jarchivelib-1.0.0.jar:/Users/purushi1.macbook/.m2/repository/org/apache/commons/commons-compress/1.18/commons-compress-1.18.jar:/Users/purushi1.macbook/.m2/repository/org/jsoup/jsoup/1.13.1/jsoup-1.13.1.jar:/Users/purushi1.macbook/.m2/repository/io/cucumber/cucumber-java/4.8.1/cucumber-java-4.8.1.jar:/Users/purushi1.macbook/.m2/repository/org/apiguardian/apiguardian-api/1.1.0/apiguardian-api-1.1.0.jar:/Users/purushi1.macbook/.m2/repository/io/cucumber/cucumber-core/4.8.1/cucumber-core-4.8.1.jar:/Users/purushi1.macbook/.m2/repository/io/cucumber/gherkin/5.1.0/gherkin-5.1.0.jar:/Users/purushi1.macbook/.m2/repository/io/cucumber/tag-expressions/1.1.1/tag-expressions-1.1.1.jar:/Users/purushi1.macbook/.m2/repository/io/cucumber/cucumber-expressions/7.0.2/cucumber-expressions-7.0.2.jar:/Users/purushi1.macbook/.m2/repository/io/cucumber/datatable/1.1.14/datatable-1.1.14.jar:/Users/purushi1.macbook/.m2/repository/io/cucumber/datatable-dependencies/1.1.14/datatable-dependencies-1.1.14.jar:/Users/purushi1.macbook/.m2/repository/io/cucumber/cucumber-testng/4.8.1/cucumber-testng-4.8.1.jar:/Users/purushi1.macbook/.m2/repository/net/masterthought/cucumber-reporting/4.11.2/cucumber-reporting-4.11.2.jar:/Users/purushi1.macbook/.m2/repository/com/fasterxml/jackson/core/jackson-databind/2.9.9.3/jackson-databind-2.9.9.3.jar:/Users/purushi1.macbook/.m2/repository/com/fasterxml/jackson/core/jackson-annotations/2.9.0/jackson-annotations-2.9.0.jar:/Users/purushi1.macbook/.m2/repository/com/fasterxml/jackson/core/jackson-core/2.9.9/jackson-core-2.9.9.jar:/Users/purushi1.macbook/.m2/repository/org/apache/velocity/velocity/1.7/velocity-1.7.jar:/Users/purushi1.macbook/.m2/repository/commons-lang/commons-lang/2.4/commons-lang-2.4.jar:/Users/purushi1.macbook/.m2/repository/commons-collections/commons-collections/3.2.2/commons-collections-3.2.2.jar:/Users/purushi1.macbook/.m2/repository/velocity-tools/velocity-tools/1.4/velocity-tools-1.4.jar:/Users/purushi1.macbook/.m2/repository/joda-time/joda-time/2.10.2/joda-time-2.10.2.jar:/Users/purushi1.macbook/.m2/repository/org/codehaus/plexus/plexus-utils/3.2.0/plexus-utils-3.2.0.jar:/Users/purushi1.macbook/.m2/repository/com/googlecode/owasp-java-html-sanitizer/owasp-java-html-sanitizer/20190610.1/owasp-java-html-sanitizer-20190610.1.jar:/Users/purushi1.macbook/.m2/repository/commons-configuration/commons-configuration/1.10/commons-configuration-1.10.jar:/Users/purushi1.macbook/.m2/repository/commons-logging/commons-logging/1.1.1/commons-logging-1.1.1.jar:/Users/purushi1.macbook/.m2/repository/org/slf4j/slf4j-api/2.0.0-alpha1/slf4j-api-2.0.0-alpha1.jar:/Users/purushi1.macbook/.m2/repository/org/assertj/assertj-core/3.9.1/assertj-core-3.9.1.jar:"/>
    <property name="java.vm.specification.version" value="15"/>
    <property name="sun.arch.data.model" value="64"/>
    <property name="sun.java.command" value="/var/folders/8b/mq4085qx24l3ctjz8kw1g_rr0000gn/T/surefirebooter4193426512046002833.jar /var/folders/8b/mq4085qx24l3ctjz8kw1g_rr0000gn/T/surefire18263680071149864656tmp /var/folders/8b/mq4085qx24l3ctjz8kw1g_rr0000gn/T/surefire7000927298085859088tmp"/>
    <property name="java.home" value="/Library/Java/JavaVirtualMachines/jdk-15.0.2.jdk/Contents/Home"/>
    <property name="user.language" value="en"/>
    <property name="java.specification.vendor" value="Oracle Corporation"/>
    <property name="java.vm.info" value="mixed mode, sharing"/>
    <property name="java.version" value="15.0.2"/>
    <property name="webdriver.chrome.driver" value="/Users/purushi1.macbook/.cache/selenium/chromedriver/mac64/88.0.4324.96/chromedriver"/>
    <property name="java.vendor" value="Oracle Corporation"/>
    <property name="localRepository" value="/Users/purushi1.macbook/.m2/repository"/>
    <property name="file.separator" value="/"/>
    <property name="java.version.date" value="2021-01-19"/>
    <property name="java.vendor.url.bug" value="https://bugreport.java.com/bugreport/"/>
    <property name="sun.io.unicode.encoding" value="UnicodeBig"/>
    <property name="sun.cpu.endian" value="little"/>
    <property name="socksNonProxyHosts" value="local|*.local|169.254/16|*.169.254/16"/>
    <property name="ftp.nonProxyHosts" value="local|*.local|169.254/16|*.169.254/16"/>
  </properties>
  <testcase classname="runner.FeatureFileRunner" name="scenario" time="1.626"/>
</testsuite>