<?xml version="1.0" encoding="UTF-8"?>
<!-- Generated by org.testng.reporters.JUnitReportReporter -->
<testsuite hostname="Purushothams-MacBook-Air.local" failures="0" tests="2" name="runner.FeatureFileRunner" time="76.650" errors="0" timestamp="29 Jan 2021 17:02:21 GMT" skipped="0">
  <testcase classname="runner.FeatureFileRunner" name="scenario" time="76.178"/>
  <testcase classname="runner.FeatureFileRunner" name="scenario" time="0.472"/>
</testsuite> <!-- runner.FeatureFileRunner -->
