<?xml version="1.0" encoding="UTF-8"?>
<!-- Generated by org.testng.reporters.JUnitReportReporter -->
<testsuite hostname="Purushothams-MacBook-Air.local" failures="0" tests="1" name="runner.FeatureFileRunner" time="16.359" errors="0" timestamp="08 Feb 2021 15:31:44 GMT" skipped="0">
  <testcase classname="runner.FeatureFileRunner" name="scenario" time="16.359"/>
</testsuite> <!-- runner.FeatureFileRunner -->
