<?xml version="1.0" encoding="UTF-8"?>
<!-- Generated by org.testng.reporters.JUnitReportReporter -->
<testsuite hostname="Purushothams-MacBook-Air.local" failures="0" tests="2" name="runner.FeatureFileRunner" time="76.658" errors="0" timestamp="29 Jan 2021 17:08:04 GMT" skipped="0">
  <testcase classname="runner.FeatureFileRunner" name="scenario" time="76.260"/>
  <testcase classname="runner.FeatureFileRunner" name="scenario" time="0.398"/>
</testsuite> <!-- runner.FeatureFileRunner -->
