<?xml version="1.0" encoding="UTF-8"?>
<!-- Generated by org.testng.reporters.JUnitReportReporter -->
<testsuite hostname="Purushothams-MacBook-Air.local" failures="0" tests="1" name="runner.FeatureFileRunner" time="1.625" errors="0" timestamp="09 Feb 2021 03:39:18 GMT" skipped="0">
  <testcase classname="runner.FeatureFileRunner" name="scenario" time="1.625"/>
</testsuite> <!-- runner.FeatureFileRunner -->
